<?xml version="1.0" encoding="UTF-8"?>
<!-- Generated by org.testng.reporters.JUnitReportReporter -->
<testsuite hostname="LAPTOP-VVAC49BA" failures="0" tests="1" name="TestScenarios.TestMethods_GoogleSearch" time="0.248" errors="0" timestamp="2024-10-01T16:48:35 GMT-04:00" skipped="0">
  <testcase classname="TestScenarios.TestMethods_GoogleSearch" name="searchTest" time="0.248"/>
</testsuite> <!-- TestScenarios.TestMethods_GoogleSearch -->
